13:30:23: List databases
13:30:31: Exit
13:30:55: Exit
13:31:38: List databases
13:31:44: Database test created
13:31:47: Failed to create database  : Already exists
13:32:37: Failed to create database test : Already exists
13:32:40: List databases
13:32:51: File test1.csv created in test
13:32:54: List databases
13:32:57: List databases
13:33:15: List files in test
13:33:37: Values id, name inserted into test\test1.csv
13:33:50: Values 1, Sandeep Kumar inserted into test\test1.csv
13:34:01: Show all records in test1.csv\test
13:35:45: Values 2, Hari inserted into test\test1.csv
13:35:53: Show all records in test1.csv\test
13:37:58: List databases
13:38:01: List files in test
13:39:18: List databases
13:39:21: List files in test
13:39:26: Dropped test1 from test
13:40:55: Dropped test1.csv from test
13:41:13: List databases
13:58:04: List databases
14:00:08: List databases
14:00:14: List files in test
14:07:05: List databases
14:07:56: List databases
